c:\working\gb\melo\cocos2d\cocos\2d\release.win32\cceventlistenerassetsmanagerex.obj
c:\working\gb\melo\cocos2d\cocos\2d\release.win32\cccontrolpotentiometer.obj
c:\working\gb\melo\cocos2d\cocos\2d\release.win32\cccontrolstepper.obj
c:\working\gb\melo\cocos2d\cocos\2d\release.win32\cctableview.obj
c:\working\gb\melo\cocos2d\cocos\2d\release.win32\ccphysicssprite.obj
c:\working\gb\melo\cocos2d\cocos\2d\release.win32\idl_gen_general.obj
c:\working\gb\melo\cocos2d\cocos\2d\release.win32\ccaabb.obj
c:\working\gb\melo\cocos2d\cocos\2d\release.win32\ccbillboard.obj
c:\working\gb\melo\cocos2d\cocos\2d\release.win32\ccmeshvertexindexdata.obj
c:\working\gb\melo\cocos2d\cocos\2d\release.win32\ccsprite3dmaterial.obj
c:\working\gb\melo\cocos2d\cocos\2d\release.win32\audioengine-win32.obj
c:\working\gb\melo\cocos2d\cocos\2d\release.win32\ccconfiguration.obj
c:\working\gb\melo\cocos2d\cocos\2d\release.win32\ccdatavisitor.obj
c:\working\gb\melo\cocos2d\cocos\2d\release.win32\ccevent.obj
c:\working\gb\melo\cocos2d\cocos\2d\release.win32\cceventacceleration.obj
c:\working\gb\melo\cocos2d\cocos\2d\release.win32\cceventdispatcher.obj
c:\working\gb\melo\cocos2d\cocos\2d\release.win32\cceventlistenertouch.obj
c:\working\gb\melo\cocos2d\cocos\2d\release.win32\ccns.obj
c:\working\gb\melo\cocos2d\cocos\2d\release.win32\cctouch.obj
c:\working\gb\melo\cocos2d\cocos\2d\release.win32\ccutils.obj
c:\working\gb\melo\cocos2d\cocos\2d\release.win32\cocos2d.obj
c:\working\gb\melo\cocos2d\cocos\2d\release.win32\ccdeprecated.obj
c:\working\gb\melo\cocos2d\cocos\2d\release.win32\cclabelbmfontloader.obj
c:\working\gb\melo\cocos2d\cocos\2d\release.win32\cclayerloader.obj
c:\working\gb\melo\cocos2d\cocos\2d\release.win32\ccnodeloader.obj
c:\working\gb\melo\cocos2d\cocos\2d\release.win32\ccframe.obj
c:\working\gb\melo\cocos2d\cocos\2d\release.win32\ccactionframe.obj
c:\working\gb\melo\cocos2d\cocos\2d\release.win32\ccactionframeeasing.obj
c:\working\gb\melo\cocos2d\cocos\2d\release.win32\ccactionmanagerex.obj
c:\working\gb\melo\cocos2d\cocos\2d\release.win32\ccactionnode.obj
c:\working\gb\melo\cocos2d\cocos\2d\release.win32\ccarmature.obj
c:\working\gb\melo\cocos2d\cocos\2d\release.win32\ccarmaturedefine.obj
c:\working\gb\melo\cocos2d\cocos\2d\release.win32\ccbatchnode.obj
c:\working\gb\melo\cocos2d\cocos\2d\release.win32\cccomrender.obj
c:\working\gb\melo\cocos2d\cocos\2d\release.win32\cctransformhelp.obj
c:\working\gb\melo\cocos2d\cocos\2d\release.win32\ccutilmath.obj
c:\working\gb\melo\cocos2d\cocos\2d\release.win32\triggerbase.obj
c:\working\gb\melo\cocos2d\cocos\2d\release.win32\widgetcallbackhandlerprotocol.obj
c:\working\gb\melo\cocos2d\cocos\2d\release.win32\gamemapreader.obj
c:\working\gb\melo\cocos2d\cocos\2d\release.win32\loadingbarreader.obj
c:\working\gb\melo\cocos2d\cocos\2d\release.win32\projectnodereader.obj
c:\working\gb\melo\cocos2d\cocos\2d\release.win32\spritereader.obj
c:\working\gb\melo\cocos2d\cocos\2d\release.win32\textreader.obj
c:\working\gb\melo\cocos2d\cocos\2d\release.win32\transformutils.obj
c:\working\gb\melo\cocos2d\cocos\2d\release.win32\vec4.obj
c:\working\gb\melo\cocos2d\cocos\2d\release.win32\websocket.obj
c:\working\gb\melo\cocos2d\cocos\2d\release.win32\ccphysicsworld.obj
c:\working\gb\melo\cocos2d\cocos\2d\release.win32\ccsaxparser.obj
c:\working\gb\melo\cocos2d\cocos\2d\release.win32\ccdevice-win32.obj
c:\working\gb\melo\cocos2d\cocos\2d\release.win32\ccglprogram.obj
c:\working\gb\melo\cocos2d\cocos\2d\release.win32\ccgroupcommand.obj
c:\working\gb\melo\cocos2d\cocos\2d\release.win32\ccquadcommand.obj
c:\working\gb\melo\cocos2d\cocos\2d\release.win32\cctexture2d.obj
c:\working\gb\melo\cocos2d\cocos\2d\release.win32\ccvertexindexbuffer.obj
c:\working\gb\melo\cocos2d\cocos\2d\release.win32\uideprecated.obj
c:\working\gb\melo\cocos2d\cocos\2d\release.win32\uihbox.obj
c:\working\gb\melo\cocos2d\cocos\2d\release.win32\uilayoutcomponent.obj
c:\working\gb\melo\cocos2d\cocos\2d\release.win32\uilistview.obj
c:\working\gb\melo\cocos2d\cocos\2d\release.win32\uirichtext.obj
c:\working\gb\melo\cocos2d\cocos\2d\release.win32\uitextatlas.obj
c:\working\gb\melo\cocos2d\cocos\2d\release.win32\uiwebview.obj
c:\working\gb\melo\cocos2d\cocos\2d\release.win32\uiwidget.obj
c:\working\gb\melo\cocos2d\cocos\2d\release.win32\ccactioninstant.obj
c:\working\gb\melo\cocos2d\cocos\2d\release.win32\ccactiontiledgrid.obj
c:\working\gb\melo\cocos2d\cocos\2d\release.win32\ccatlasnode.obj
c:\working\gb\melo\cocos2d\cocos\2d\release.win32\cccomponentcontainer.obj
c:\working\gb\melo\cocos2d\cocos\2d\release.win32\ccfasttmxtiledmap.obj
c:\working\gb\melo\cocos2d\cocos\2d\release.win32\ccfontatlas.obj
c:\working\gb\melo\cocos2d\cocos\2d\release.win32\ccfontfreetype.obj
c:\working\gb\melo\cocos2d\cocos\2d\release.win32\cclabelbmfont.obj
c:\working\gb\melo\cocos2d\cocos\2d\release.win32\cclayer.obj
c:\working\gb\melo\cocos2d\cocos\2d\release.win32\ccnode.obj
c:\working\gb\melo\cocos2d\cocos\2d\release.win32\ccprotectednode.obj
c:\working\gb\melo\cocos2d\cocos\2d\release.win32\ccspritebatchnode.obj
c:\working\gb\melo\cocos2d\cocos\2d\release.win32\cctextfieldttf.obj
c:\working\gb\melo\cocos2d\cocos\2d\release.win32\cctmxobjectgroup.obj
c:\working\gb\melo\cocos2d\cocos\2d\release.win32\cctransitionpageturn.obj
c:\working\gb\melo\cocos2d\cocos\2d\release.win32\assetsmanager.obj
c:\working\gb\melo\cocos2d\cocos\2d\release.win32\downloader.obj
c:\working\gb\melo\cocos2d\cocos\2d\release.win32\cccontrolutils.obj
c:\working\gb\melo\cocos2d\cocos\2d\release.win32\ccscrollview.obj
c:\working\gb\melo\cocos2d\cocos\2d\release.win32\idl_gen_fbs.obj
c:\working\gb\melo\cocos2d\cocos\2d\release.win32\idl_gen_text.obj
c:\working\gb\melo\cocos2d\cocos\2d\release.win32\ioapi_mem.obj
c:\working\gb\melo\cocos2d\cocos\2d\release.win32\unzip.obj
c:\working\gb\melo\cocos2d\cocos\2d\release.win32\ccanimation3d.obj
c:\working\gb\melo\cocos2d\cocos\2d\release.win32\ccbundle3d.obj
c:\working\gb\melo\cocos2d\cocos\2d\release.win32\ccobb.obj
c:\working\gb\melo\cocos2d\cocos\2d\release.win32\ccray.obj
c:\working\gb\melo\cocos2d\cocos\2d\release.win32\ccskeleton3d.obj
c:\working\gb\melo\cocos2d\cocos\2d\release.win32\audiocache.obj
c:\working\gb\melo\cocos2d\cocos\2d\release.win32\audioplayer.obj
c:\working\gb\melo\cocos2d\cocos\2d\release.win32\simpleaudioengine.obj
c:\working\gb\melo\cocos2d\cocos\2d\release.win32\cceventlistenercustom.obj
c:\working\gb\melo\cocos2d\cocos\2d\release.win32\cceventlistenerkeyboard.obj
c:\working\gb\melo\cocos2d\cocos\2d\release.win32\ccfpsimages.obj
c:\working\gb\melo\cocos2d\cocos\2d\release.win32\ccimedispatcher.obj
c:\working\gb\melo\cocos2d\cocos\2d\release.win32\ccref.obj
c:\working\gb\melo\cocos2d\cocos\2d\release.win32\cctypes.obj
c:\working\gb\melo\cocos2d\cocos\2d\release.win32\ccvalue.obj
c:\working\gb\melo\cocos2d\cocos\2d\release.win32\tgalib.obj
c:\working\gb\melo\cocos2d\cocos\2d\release.win32\ccdictionary.obj
c:\working\gb\melo\cocos2d\cocos\2d\release.win32\ccstring.obj
c:\working\gb\melo\cocos2d\cocos\2d\release.win32\ccbkeyframe.obj
c:\working\gb\melo\cocos2d\cocos\2d\release.win32\ccbreader.obj
c:\working\gb\melo\cocos2d\cocos\2d\release.win32\cclabelttfloader.obj
c:\working\gb\melo\cocos2d\cocos\2d\release.win32\ccmenuitemimageloader.obj
c:\working\gb\melo\cocos2d\cocos\2d\release.win32\ccnodeloaderlibrary.obj
c:\working\gb\melo\cocos2d\cocos\2d\release.win32\ccscrollviewloader.obj
c:\working\gb\melo\cocos2d\cocos\2d\release.win32\ccnodereader.obj
c:\working\gb\melo\cocos2d\cocos\2d\release.win32\ccarmaturedatamanager.obj
c:\working\gb\melo\cocos2d\cocos\2d\release.win32\cccomattribute.obj
c:\working\gb\melo\cocos2d\cocos\2d\release.win32\cccomcontroller.obj
c:\working\gb\melo\cocos2d\cocos\2d\release.win32\ccdatas.obj
c:\working\gb\melo\cocos2d\cocos\2d\release.win32\ccdisplaymanager.obj
c:\working\gb\melo\cocos2d\cocos\2d\release.win32\ccsguireader.obj
c:\working\gb\melo\cocos2d\cocos\2d\release.win32\cocoloader.obj
c:\working\gb\melo\cocos2d\cocos\2d\release.win32\dictionaryhelper.obj
c:\working\gb\melo\cocos2d\cocos\2d\release.win32\flatbuffersserialize.obj
c:\working\gb\melo\cocos2d\cocos\2d\release.win32\checkboxreader.obj
c:\working\gb\melo\cocos2d\cocos\2d\release.win32\layoutreader.obj
c:\working\gb\melo\cocos2d\cocos\2d\release.win32\pageviewreader.obj
c:\working\gb\melo\cocos2d\cocos\2d\release.win32\singlenodereader.obj
c:\working\gb\melo\cocos2d\cocos\2d\release.win32\textbmfontreader.obj
c:\working\gb\melo\cocos2d\cocos\2d\release.win32\ccaffinetransform.obj
c:\working\gb\melo\cocos2d\cocos\2d\release.win32\ccgeometry.obj
c:\working\gb\melo\cocos2d\cocos\2d\release.win32\mat4.obj
c:\working\gb\melo\cocos2d\cocos\2d\release.win32\quaternion.obj
c:\working\gb\melo\cocos2d\cocos\2d\release.win32\vec3.obj
c:\working\gb\melo\cocos2d\cocos\2d\release.win32\socketio.obj
c:\working\gb\melo\cocos2d\cocos\2d\release.win32\ccphysicsjoint.obj
c:\working\gb\melo\cocos2d\cocos\2d\release.win32\ccphysicsjointinfo_chipmunk.obj
c:\working\gb\melo\cocos2d\cocos\2d\release.win32\ccphysicsworldinfo_chipmunk.obj
c:\working\gb\melo\cocos2d\cocos\2d\release.win32\ccimage.obj
c:\working\gb\melo\cocos2d\cocos\2d\release.win32\cccommon-win32.obj
c:\working\gb\melo\cocos2d\cocos\2d\release.win32\ccfileutils-win32.obj
c:\working\gb\melo\cocos2d\cocos\2d\release.win32\ccglprogramcache.obj
c:\working\gb\melo\cocos2d\cocos\2d\release.win32\ccglstatecache.obj
c:\working\gb\melo\cocos2d\cocos\2d\release.win32\ccprimitive.obj
c:\working\gb\melo\cocos2d\cocos\2d\release.win32\ccprimitivecommand.obj
c:\working\gb\melo\cocos2d\cocos\2d\release.win32\cctextureatlas.obj
c:\working\gb\melo\cocos2d\cocos\2d\release.win32\ccvertexindexdata.obj
c:\working\gb\melo\cocos2d\cocos\2d\release.win32\localstorage.obj
c:\working\gb\melo\cocos2d\cocos\2d\release.win32\uibutton.obj
c:\working\gb\melo\cocos2d\cocos\2d\release.win32\uihelper.obj
c:\working\gb\melo\cocos2d\cocos\2d\release.win32\uilayoutmanager.obj
c:\working\gb\melo\cocos2d\cocos\2d\release.win32\uiloadingbar.obj
c:\working\gb\melo\cocos2d\cocos\2d\release.win32\uiscale9sprite.obj
c:\working\gb\melo\cocos2d\cocos\2d\release.win32\uitext.obj
c:\working\gb\melo\cocos2d\cocos\2d\release.win32\ccaction.obj
c:\working\gb\melo\cocos2d\cocos\2d\release.win32\ccactionease.obj
c:\working\gb\melo\cocos2d\cocos\2d\release.win32\ccactioninterval.obj
c:\working\gb\melo\cocos2d\cocos\2d\release.win32\ccactiontween.obj
c:\working\gb\melo\cocos2d\cocos\2d\release.win32\cccamera.obj
c:\working\gb\melo\cocos2d\cocos\2d\release.win32\cccomponent.obj
c:\working\gb\melo\cocos2d\cocos\2d\release.win32\ccdrawnode.obj
c:\working\gb\melo\cocos2d\cocos\2d\release.win32\ccfontatlascache.obj
c:\working\gb\melo\cocos2d\cocos\2d\release.win32\ccglbufferednode.obj
c:\working\gb\melo\cocos2d\cocos\2d\release.win32\ccgrabber.obj
c:\working\gb\melo\cocos2d\cocos\2d\release.win32\cclabelatlas.obj
c:\working\gb\melo\cocos2d\cocos\2d\release.win32\cclabelttf.obj
c:\working\gb\melo\cocos2d\cocos\2d\release.win32\ccmenuitem.obj
c:\working\gb\melo\cocos2d\cocos\2d\release.win32\ccnodegrid.obj
c:\working\gb\melo\cocos2d\cocos\2d\release.win32\ccparticlesystem.obj
c:\working\gb\melo\cocos2d\cocos\2d\release.win32\ccrendertexture.obj
c:\working\gb\melo\cocos2d\cocos\2d\release.win32\ccspriteframe.obj
c:\working\gb\melo\cocos2d\cocos\2d\release.win32\cctmxlayer.obj
c:\working\gb\melo\cocos2d\cocos\2d\release.win32\cctransition.obj
c:\working\gb\melo\cocos2d\cocos\2d\release.win32\cceventassetsmanagerex.obj
c:\working\gb\melo\cocos2d\cocos\2d\release.win32\manifest.obj
c:\working\gb\melo\cocos2d\cocos\2d\release.win32\cccontrolbutton.obj
c:\working\gb\melo\cocos2d\cocos\2d\release.win32\cccontrolhuepicker.obj
c:\working\gb\melo\cocos2d\cocos\2d\release.win32\cccontrolslider.obj
c:\working\gb\melo\cocos2d\cocos\2d\release.win32\ccinvocation.obj
c:\working\gb\melo\cocos2d\cocos\2d\release.win32\ccphysicsdebugnode.obj
c:\working\gb\melo\cocos2d\cocos\2d\release.win32\convertutfwrapper.obj
c:\working\gb\melo\cocos2d\cocos\2d\release.win32\edtaa3func.obj
c:\working\gb\melo\cocos2d\cocos\2d\release.win32\idl_gen_cpp.obj
c:\working\gb\melo\cocos2d\cocos\2d\release.win32\idl_parser.obj
c:\working\gb\melo\cocos2d\cocos\2d\release.win32\ccattachnode.obj
c:\working\gb\melo\cocos2d\cocos\2d\release.win32\ccbundlereader.obj
c:\working\gb\melo\cocos2d\cocos\2d\release.win32\ccmeshskin.obj
c:\working\gb\melo\cocos2d\cocos\2d\release.win32\ccobjloader.obj
c:\working\gb\melo\cocos2d\cocos\2d\release.win32\audioengine.obj
c:\working\gb\melo\cocos2d\cocos\2d\release.win32\mciplayer.obj
c:\working\gb\melo\cocos2d\cocos\2d\release.win32\atitc.obj
c:\working\gb\melo\cocos2d\cocos\2d\release.win32\base64.obj
c:\working\gb\melo\cocos2d\cocos\2d\release.win32\cccarray.obj
c:\working\gb\melo\cocos2d\cocos\2d\release.win32\ccdata.obj
c:\working\gb\melo\cocos2d\cocos\2d\release.win32\ccdirector.obj
c:\working\gb\melo\cocos2d\cocos\2d\release.win32\cceventlistenermouse.obj
c:\working\gb\melo\cocos2d\cocos\2d\release.win32\cceventtouch.obj
c:\working\gb\melo\cocos2d\cocos\2d\release.win32\ccrandom.obj
c:\working\gb\melo\cocos2d\cocos\2d\release.win32\ccscheduler.obj
c:\working\gb\melo\cocos2d\cocos\2d\release.win32\ccuserdefault.obj
c:\working\gb\melo\cocos2d\cocos\2d\release.win32\s3tc.obj
c:\working\gb\melo\cocos2d\cocos\2d\release.win32\ccarray.obj
c:\working\gb\melo\cocos2d\cocos\2d\release.win32\ccset.obj
c:\working\gb\melo\cocos2d\cocos\2d\release.win32\ccbfileloader.obj
c:\working\gb\melo\cocos2d\cocos\2d\release.win32\ccbsequence.obj
c:\working\gb\melo\cocos2d\cocos\2d\release.win32\cccontrolbuttonloader.obj
c:\working\gb\melo\cocos2d\cocos\2d\release.win32\cclayergradientloader.obj
c:\working\gb\melo\cocos2d\cocos\2d\release.win32\ccnode+ccbrelativepositioning.obj
c:\working\gb\melo\cocos2d\cocos\2d\release.win32\ccscale9spriteloader.obj
c:\working\gb\melo\cocos2d\cocos\2d\release.win32\ccactiontimeline.obj
c:\working\gb\melo\cocos2d\cocos\2d\release.win32\ccactiontimelinecache.obj
c:\working\gb\melo\cocos2d\cocos\2d\release.win32\ccactionobject.obj
c:\working\gb\melo\cocos2d\cocos\2d\release.win32\ccarmatureanimation.obj
c:\working\gb\melo\cocos2d\cocos\2d\release.win32\ccbone.obj
c:\working\gb\melo\cocos2d\cocos\2d\release.win32\ccdatareaderhelper.obj
c:\working\gb\melo\cocos2d\cocos\2d\release.win32\ccinputdelegate.obj
c:\working\gb\melo\cocos2d\cocos\2d\release.win32\ccskin.obj
c:\working\gb\melo\cocos2d\cocos\2d\release.win32\cctween.obj
c:\working\gb\melo\cocos2d\cocos\2d\release.win32\triggermng.obj
c:\working\gb\melo\cocos2d\cocos\2d\release.win32\buttonreader.obj
c:\working\gb\melo\cocos2d\cocos\2d\release.win32\imageviewreader.obj
c:\working\gb\melo\cocos2d\cocos\2d\release.win32\nodereaderdefine.obj
c:\working\gb\melo\cocos2d\cocos\2d\release.win32\nodereaderprotocol.obj
c:\working\gb\melo\cocos2d\cocos\2d\release.win32\nodereader.obj
c:\working\gb\melo\cocos2d\cocos\2d\release.win32\scrollviewreader.obj
c:\working\gb\melo\cocos2d\cocos\2d\release.win32\textatlasreader.obj
c:\working\gb\melo\cocos2d\cocos\2d\release.win32\widgetreader.obj
c:\working\gb\melo\cocos2d\cocos\2d\release.win32\ccphysicsbody.obj
c:\working\gb\melo\cocos2d\cocos\2d\release.win32\ccphysicsbodyinfo_chipmunk.obj
c:\working\gb\melo\cocos2d\cocos\2d\release.win32\ccphysicscontactinfo_chipmunk.obj
c:\working\gb\melo\cocos2d\cocos\2d\release.win32\ccphysicsshapeinfo_chipmunk.obj
c:\working\gb\melo\cocos2d\cocos\2d\release.win32\ccfileutils.obj
c:\working\gb\melo\cocos2d\cocos\2d\release.win32\ccapplication-win32.obj
c:\working\gb\melo\cocos2d\cocos\2d\release.win32\ccstdc-win32.obj
c:\working\gb\melo\cocos2d\cocos\2d\release.win32\cccustomcommand.obj
c:\working\gb\melo\cocos2d\cocos\2d\release.win32\ccglprogramstate.obj
c:\working\gb\melo\cocos2d\cocos\2d\release.win32\ccrendercommand.obj
c:\working\gb\melo\cocos2d\cocos\2d\release.win32\ccrenderer.obj
c:\working\gb\melo\cocos2d\cocos\2d\release.win32\cocosgui.obj
c:\working\gb\melo\cocos2d\cocos\2d\release.win32\uieditbox.obj
c:\working\gb\melo\cocos2d\cocos\2d\release.win32\uiimageview.obj
c:\working\gb\melo\cocos2d\cocos\2d\release.win32\uilayoutparameter.obj
c:\working\gb\melo\cocos2d\cocos\2d\release.win32\uirelativebox.obj
c:\working\gb\melo\cocos2d\cocos\2d\release.win32\uislider.obj
c:\working\gb\melo\cocos2d\cocos\2d\release.win32\uitextfield.obj
c:\working\gb\melo\cocos2d\cocos\2d\release.win32\ccactioncamera.obj
c:\working\gb\melo\cocos2d\cocos\2d\release.win32\ccactiongrid.obj
c:\working\gb\melo\cocos2d\cocos\2d\release.win32\ccactionmanager.obj
c:\working\gb\melo\cocos2d\cocos\2d\release.win32\ccactionpageturn3d.obj
c:\working\gb\melo\cocos2d\cocos\2d\release.win32\ccanimationcache.obj
c:\working\gb\melo\cocos2d\cocos\2d\release.win32\ccclippingrectanglenode.obj
c:\working\gb\melo\cocos2d\cocos\2d\release.win32\ccfasttmxlayer.obj
c:\working\gb\melo\cocos2d\cocos\2d\release.win32\ccfontcharmap.obj
c:\working\gb\melo\cocos2d\cocos\2d\release.win32\ccgrid.obj
c:\working\gb\melo\cocos2d\cocos\2d\release.win32\cclabeltextformatter.obj
c:\working\gb\melo\cocos2d\cocos\2d\release.win32\cclight.obj
c:\working\gb\melo\cocos2d\cocos\2d\release.win32\ccmotionstreak.obj
c:\working\gb\melo\cocos2d\cocos\2d\release.win32\ccparticlebatchnode.obj
c:\working\gb\melo\cocos2d\cocos\2d\release.win32\ccparticlesystemquad.obj
c:\working\gb\melo\cocos2d\cocos\2d\release.win32\ccsprite.obj
c:\working\gb\melo\cocos2d\cocos\2d\release.win32\cctilemapatlas.obj
c:\working\gb\melo\cocos2d\cocos\2d\release.win32\cctmxxmlparser.obj
c:\working\gb\melo\cocos2d\cocos\2d\release.win32\cctweenfunction.obj
c:\working\gb\melo\cocos2d\cocos\2d\release.win32\assetsmanagerex.obj
c:\working\gb\melo\cocos2d\cocos\2d\release.win32\cccontrol.obj
c:\working\gb\melo\cocos2d\cocos\2d\release.win32\cccontrolcolourpicker.obj
c:\working\gb\melo\cocos2d\cocos\2d\release.win32\cccontrolsaturationbrightnesspicker.obj
c:\working\gb\melo\cocos2d\cocos\2d\release.win32\cccontrolswitch.obj
c:\working\gb\melo\cocos2d\cocos\2d\release.win32\cctableviewcell.obj
c:\working\gb\melo\cocos2d\cocos\2d\release.win32\convertutf.obj
c:\working\gb\melo\cocos2d\cocos\2d\release.win32\flatc.obj
c:\working\gb\melo\cocos2d\cocos\2d\release.win32\idl_gen_go.obj
c:\working\gb\melo\cocos2d\cocos\2d\release.win32\tinyxml2.obj
c:\working\gb\melo\cocos2d\cocos\2d\release.win32\ioapi.obj
c:\working\gb\melo\cocos2d\cocos\2d\release.win32\xxhash.obj
c:\working\gb\melo\cocos2d\cocos\2d\release.win32\ccanimate3d.obj
c:\working\gb\melo\cocos2d\cocos\2d\release.win32\ccmesh.obj
c:\working\gb\melo\cocos2d\cocos\2d\release.win32\ccsprite3d.obj
c:\working\gb\melo\cocos2d\cocos\2d\release.win32\ccautoreleasepool.obj
c:\working\gb\melo\cocos2d\cocos\2d\release.win32\ccconsole.obj
c:\working\gb\melo\cocos2d\cocos\2d\release.win32\cceventcustom.obj
c:\working\gb\melo\cocos2d\cocos\2d\release.win32\cceventfocus.obj
c:\working\gb\melo\cocos2d\cocos\2d\release.win32\cceventkeyboard.obj
c:\working\gb\melo\cocos2d\cocos\2d\release.win32\cceventlistener.obj
c:\working\gb\melo\cocos2d\cocos\2d\release.win32\cceventlisteneracceleration.obj
c:\working\gb\melo\cocos2d\cocos\2d\release.win32\cceventlistenerfocus.obj
c:\working\gb\melo\cocos2d\cocos\2d\release.win32\cceventmouse.obj
c:\working\gb\melo\cocos2d\cocos\2d\release.win32\ccprofiling.obj
c:\working\gb\melo\cocos2d\cocos\2d\release.win32\ccscriptsupport.obj
c:\working\gb\melo\cocos2d\cocos\2d\release.win32\ccutf8.obj
c:\working\gb\melo\cocos2d\cocos\2d\release.win32\etc1.obj
c:\working\gb\melo\cocos2d\cocos\2d\release.win32\pvr.obj
c:\working\gb\melo\cocos2d\cocos\2d\release.win32\objectfactory.obj
c:\working\gb\melo\cocos2d\cocos\2d\release.win32\ziputils.obj
c:\working\gb\melo\cocos2d\cocos\2d\release.win32\ccnotificationcenter.obj
c:\working\gb\melo\cocos2d\cocos\2d\release.win32\ccbanimationmanager.obj
c:\working\gb\melo\cocos2d\cocos\2d\release.win32\ccbsequenceproperty.obj
c:\working\gb\melo\cocos2d\cocos\2d\release.win32\cccontrolloader.obj
c:\working\gb\melo\cocos2d\cocos\2d\release.win32\cclayercolorloader.obj
c:\working\gb\melo\cocos2d\cocos\2d\release.win32\ccmenuitemloader.obj
c:\working\gb\melo\cocos2d\cocos\2d\release.win32\ccparticlesystemquadloader.obj
c:\working\gb\melo\cocos2d\cocos\2d\release.win32\ccspriteloader.obj
c:\working\gb\melo\cocos2d\cocos\2d\release.win32\cctimeline.obj
c:\working\gb\melo\cocos2d\cocos\2d\release.win32\csloader.obj
c:\working\gb\melo\cocos2d\cocos\2d\release.win32\cccolliderdetector.obj
c:\working\gb\melo\cocos2d\cocos\2d\release.win32\cccomaudio.obj
c:\working\gb\melo\cocos2d\cocos\2d\release.win32\ccdecorativedisplay.obj
c:\working\gb\melo\cocos2d\cocos\2d\release.win32\ccdisplayfactory.obj
c:\working\gb\melo\cocos2d\cocos\2d\release.win32\ccprocessbase.obj
c:\working\gb\melo\cocos2d\cocos\2d\release.win32\ccspriteframecachehelper.obj
c:\working\gb\melo\cocos2d\cocos\2d\release.win32\ccsscenereader.obj
c:\working\gb\melo\cocos2d\cocos\2d\release.win32\triggerobj.obj
c:\working\gb\melo\cocos2d\cocos\2d\release.win32\comaudioreader.obj
c:\working\gb\melo\cocos2d\cocos\2d\release.win32\listviewreader.obj
c:\working\gb\melo\cocos2d\cocos\2d\release.win32\particlereader.obj
c:\working\gb\melo\cocos2d\cocos\2d\release.win32\sliderreader.obj
c:\working\gb\melo\cocos2d\cocos\2d\release.win32\textfieldreader.obj
c:\working\gb\melo\cocos2d\cocos\2d\release.win32\ccvertex.obj
c:\working\gb\melo\cocos2d\cocos\2d\release.win32\mathutil.obj
c:\working\gb\melo\cocos2d\cocos\2d\release.win32\vec2.obj
c:\working\gb\melo\cocos2d\cocos\2d\release.win32\httpclient.obj
c:\working\gb\melo\cocos2d\cocos\2d\release.win32\ccphysicscontact.obj
c:\working\gb\melo\cocos2d\cocos\2d\release.win32\ccphysicsshape.obj
c:\working\gb\melo\cocos2d\cocos\2d\release.win32\ccglview.obj
c:\working\gb\melo\cocos2d\cocos\2d\release.win32\ccthread.obj
c:\working\gb\melo\cocos2d\cocos\2d\release.win32\ccglviewimpl-desktop.obj
c:\working\gb\melo\cocos2d\cocos\2d\release.win32\ccbatchcommand.obj
c:\working\gb\melo\cocos2d\cocos\2d\release.win32\ccglprogramstatecache.obj
c:\working\gb\melo\cocos2d\cocos\2d\release.win32\ccmeshcommand.obj
c:\working\gb\melo\cocos2d\cocos\2d\release.win32\ccshaders.obj
c:\working\gb\melo\cocos2d\cocos\2d\release.win32\cctexturecache.obj
c:\working\gb\melo\cocos2d\cocos\2d\release.win32\cctrianglescommand.obj
c:\working\gb\melo\cocos2d\cocos\2d\release.win32\uicheckbox.obj
c:\working\gb\melo\cocos2d\cocos\2d\release.win32\uieditboximpl-win32.obj
c:\working\gb\melo\cocos2d\cocos\2d\release.win32\uilayout.obj
c:\working\gb\melo\cocos2d\cocos\2d\release.win32\uipageview.obj
c:\working\gb\melo\cocos2d\cocos\2d\release.win32\uiscrollview.obj
c:\working\gb\melo\cocos2d\cocos\2d\release.win32\uitextbmfont.obj
c:\working\gb\melo\cocos2d\cocos\2d\release.win32\uivbox.obj
c:\working\gb\melo\cocos2d\cocos\2d\release.win32\ccactioncatmullrom.obj
c:\working\gb\melo\cocos2d\cocos\2d\release.win32\ccactiongrid3d.obj
c:\working\gb\melo\cocos2d\cocos\2d\release.win32\ccactionprogresstimer.obj
c:\working\gb\melo\cocos2d\cocos\2d\release.win32\ccanimation.obj
c:\working\gb\melo\cocos2d\cocos\2d\release.win32\ccclippingnode.obj
c:\working\gb\melo\cocos2d\cocos\2d\release.win32\ccdrawingprimitives.obj
c:\working\gb\melo\cocos2d\cocos\2d\release.win32\ccfont.obj
c:\working\gb\melo\cocos2d\cocos\2d\release.win32\ccfontfnt.obj
c:\working\gb\melo\cocos2d\cocos\2d\release.win32\cclabel.obj
c:\working\gb\melo\cocos2d\cocos\2d\release.win32\ccmenu.obj
c:\working\gb\melo\cocos2d\cocos\2d\release.win32\ccparallaxnode.obj
c:\working\gb\melo\cocos2d\cocos\2d\release.win32\ccparticleexamples.obj
c:\working\gb\melo\cocos2d\cocos\2d\release.win32\ccprogresstimer.obj
c:\working\gb\melo\cocos2d\cocos\2d\release.win32\ccscene.obj
c:\working\gb\melo\cocos2d\cocos\2d\release.win32\ccspriteframecache.obj
c:\working\gb\melo\cocos2d\cocos\2d\release.win32\cctmxtiledmap.obj
c:\working\gb\melo\cocos2d\cocos\2d\release.win32\cctransitionprogress.obj
c:\working\gb\melo\proj.win32\release.win32\libcocos2d.lib
c:\working\gb\melo\proj.win32\release.win32\libcocos2d.exp
c:\working\gb\melo\proj.win32\release.win32\libcocos2d.dll
c:\working\gb\melo\proj.win32\release.win32\libcocos2d.pdb
c:\working\gb\melo\cocos2d\cocos\2d\release.win32\libcocos2d.tlog\cl.command.1.tlog
c:\working\gb\melo\cocos2d\cocos\2d\release.win32\libcocos2d.tlog\cl.read.1.tlog
c:\working\gb\melo\cocos2d\cocos\2d\release.win32\libcocos2d.tlog\cl.write.1.tlog
c:\working\gb\melo\cocos2d\cocos\2d\release.win32\libcocos2d.tlog\libcocos2d.write.1u.tlog
c:\working\gb\melo\cocos2d\cocos\2d\release.win32\libcocos2d.tlog\link.command.1.tlog
c:\working\gb\melo\cocos2d\cocos\2d\release.win32\libcocos2d.tlog\link.read.1.tlog
c:\working\gb\melo\cocos2d\cocos\2d\release.win32\libcocos2d.tlog\link.write.1.tlog
