c:\working\gb\melo\proj.win32\release.win32\vc120.pdb
c:\working\gb\melo\proj.win32\release.win32\melo.exe
c:\working\gb\melo\proj.win32\release.win32\melo.pdb
c:\working\gb\melo\proj.win32\release.win32\melo.lib
c:\working\gb\melo\proj.win32\release.win32\melo.exp
c:\working\gb\melo\proj.win32\release.win32\game.res
c:\working\gb\melo\proj.win32\release.win32\melo.vcxprojresolveassemblyreference.cache
c:\working\gb\melo\proj.win32\release.win32\helloworldscene.obj
c:\working\gb\melo\proj.win32\release.win32\main.obj
c:\working\gb\melo\proj.win32\release.win32\mlappdelegate.obj
c:\working\gb\melo\proj.win32\release.win32\mlscenemgr.obj
c:\working\gb\melo\proj.win32\release.win32\melo.tlog\cl.command.1.tlog
c:\working\gb\melo\proj.win32\release.win32\melo.tlog\cl.read.1.tlog
c:\working\gb\melo\proj.win32\release.win32\melo.tlog\cl.write.1.tlog
c:\working\gb\melo\proj.win32\release.win32\melo.tlog\link.command.1.tlog
c:\working\gb\melo\proj.win32\release.win32\melo.tlog\link.read.1.tlog
c:\working\gb\melo\proj.win32\release.win32\melo.tlog\link.write.1.tlog
c:\working\gb\melo\proj.win32\release.win32\melo.tlog\melo.write.1u.tlog
c:\working\gb\melo\proj.win32\release.win32\melo.tlog\rc.command.1.tlog
c:\working\gb\melo\proj.win32\release.win32\melo.tlog\rc.read.1.tlog
c:\working\gb\melo\proj.win32\release.win32\melo.tlog\rc.write.1.tlog
